<?xml version="1.0" encoding="UTF-8"?>
<testng-results ignored="0" total="5" passed="4" failed="1" skipped="0">
  <reporter-output>
  </reporter-output>
  <suite started-at="2021-10-04T13:58:15 IST" name="Suite" finished-at="2021-10-04T13:58:54 IST" duration-ms="38639">
    <groups>
    </groups>
    <test started-at="2021-10-04T13:58:15 IST" name="Test" finished-at="2021-10-04T13:58:54 IST" duration-ms="38639">
      <class name="tests.LoginTest">
        <test-method is-config="true" signature="setup()[pri:0, instance:tests.LoginTest@36cda2c2]" started-at="2021-10-04T13:58:32 IST" name="setup" finished-at="2021-10-04T13:58:40 IST" duration-ms="7888" status="PASS">
          <reporter-output>
          </reporter-output>
        </test-method> <!-- setup -->
        <test-method signature="loginWithValidCredentails()[pri:1, instance:tests.LoginTest@36cda2c2]" started-at="2021-10-04T13:58:40 IST" name="loginWithValidCredentails" finished-at="2021-10-04T13:58:42 IST" duration-ms="1468" status="PASS">
          <reporter-output>
          </reporter-output>
        </test-method> <!-- loginWithValidCredentails -->
        <test-method is-config="true" signature="tearDown()[pri:0, instance:tests.LoginTest@36cda2c2]" started-at="2021-10-04T13:58:42 IST" name="tearDown" finished-at="2021-10-04T13:58:43 IST" duration-ms="895" status="PASS">
          <reporter-output>
          </reporter-output>
        </test-method> <!-- tearDown -->
        <test-method is-config="true" signature="setup()[pri:0, instance:tests.LoginTest@36cda2c2]" started-at="2021-10-04T13:58:43 IST" name="setup" finished-at="2021-10-04T13:58:46 IST" duration-ms="3102" status="PASS">
          <reporter-output>
          </reporter-output>
        </test-method> <!-- setup -->
        <test-method signature="loginWithInvalidEmailAddressAndValidPassword()[pri:2, instance:tests.LoginTest@36cda2c2]" started-at="2021-10-04T13:58:46 IST" name="loginWithInvalidEmailAddressAndValidPassword" finished-at="2021-10-04T13:58:48 IST" duration-ms="1724" status="PASS">
          <reporter-output>
          </reporter-output>
        </test-method> <!-- loginWithInvalidEmailAddressAndValidPassword -->
        <test-method is-config="true" signature="tearDown()[pri:0, instance:tests.LoginTest@36cda2c2]" started-at="2021-10-04T13:58:48 IST" name="tearDown" finished-at="2021-10-04T13:58:48 IST" duration-ms="890" status="PASS">
          <reporter-output>
          </reporter-output>
        </test-method> <!-- tearDown -->
        <test-method is-config="true" signature="setup()[pri:0, instance:tests.LoginTest@36cda2c2]" started-at="2021-10-04T13:58:48 IST" name="setup" finished-at="2021-10-04T13:58:52 IST" duration-ms="3099" status="PASS">
          <reporter-output>
          </reporter-output>
        </test-method> <!-- setup -->
        <test-method signature="loginWithValidEmailAddressAndInvalidValidPassword()[pri:3, instance:tests.LoginTest@36cda2c2]" started-at="2021-10-04T13:58:52 IST" name="loginWithValidEmailAddressAndInvalidValidPassword" finished-at="2021-10-04T13:58:53 IST" duration-ms="1658" status="PASS">
          <reporter-output>
          </reporter-output>
        </test-method> <!-- loginWithValidEmailAddressAndInvalidValidPassword -->
        <test-method is-config="true" signature="tearDown()[pri:0, instance:tests.LoginTest@36cda2c2]" started-at="2021-10-04T13:58:53 IST" name="tearDown" finished-at="2021-10-04T13:58:54 IST" duration-ms="915" status="PASS">
          <reporter-output>
          </reporter-output>
        </test-method> <!-- tearDown -->
      </class> <!-- tests.LoginTest -->
      <class name="tests.RegisterTest">
        <test-method is-config="true" signature="setup()[pri:0, instance:tests.RegisterTest@301eda63]" started-at="2021-10-04T13:58:16 IST" name="setup" finished-at="2021-10-04T13:58:21 IST" duration-ms="5302" status="PASS">
          <reporter-output>
          </reporter-output>
        </test-method> <!-- setup -->
        <test-method signature="registerNewAccountByProvidingAllDetails()[pri:1, instance:tests.RegisterTest@301eda63]" started-at="2021-10-04T13:58:21 IST" name="registerNewAccountByProvidingAllDetails" finished-at="2021-10-04T13:58:24 IST" duration-ms="3192" status="FAIL">
          <exception class="java.lang.AssertionError">
            <message>
              <![CDATA[expected [ABC Your Account Has Been Created!] but found [Your Account Has Been Created!]]]>
            </message>
            <full-stacktrace>
              <![CDATA[java.lang.AssertionError: expected [ABC Your Account Has Been Created!] but found [Your Account Has Been Created!]
at org.testng.Assert.fail(Assert.java:99)
at org.testng.Assert.failNotEquals(Assert.java:1037)
at org.testng.Assert.assertEqualsImpl(Assert.java:140)
at org.testng.Assert.assertEquals(Assert.java:122)
at org.testng.Assert.assertEquals(Assert.java:629)
at org.testng.Assert.assertEquals(Assert.java:639)
at tests.RegisterTest.registerNewAccountByProvidingAllDetails(RegisterTest.java:40)
at java.base/jdk.internal.reflect.NativeMethodAccessorImpl.invoke0(Native Method)
at java.base/jdk.internal.reflect.NativeMethodAccessorImpl.invoke(NativeMethodAccessorImpl.java:62)
at java.base/jdk.internal.reflect.DelegatingMethodAccessorImpl.invoke(DelegatingMethodAccessorImpl.java:43)
at java.base/java.lang.reflect.Method.invoke(Method.java:566)
at org.testng.internal.MethodInvocationHelper.invokeMethod(MethodInvocationHelper.java:133)
at org.testng.internal.TestInvoker.invokeMethod(TestInvoker.java:598)
at org.testng.internal.TestInvoker.invokeTestMethod(TestInvoker.java:173)
at org.testng.internal.MethodRunner.runInSequence(MethodRunner.java:46)
at org.testng.internal.TestInvoker$MethodInvocationAgent.invoke(TestInvoker.java:824)
at org.testng.internal.TestInvoker.invokeTestMethods(TestInvoker.java:146)
at org.testng.internal.TestMethodWorker.invokeTestMethods(TestMethodWorker.java:146)
at org.testng.internal.TestMethodWorker.run(TestMethodWorker.java:128)
at java.base/java.util.ArrayList.forEach(ArrayList.java:1541)
at org.testng.TestRunner.privateRun(TestRunner.java:794)
at org.testng.TestRunner.run(TestRunner.java:596)
at org.testng.SuiteRunner.runTest(SuiteRunner.java:377)
at org.testng.SuiteRunner.runSequentially(SuiteRunner.java:371)
at org.testng.SuiteRunner.privateRun(SuiteRunner.java:332)
at org.testng.SuiteRunner.run(SuiteRunner.java:276)
at org.testng.SuiteRunnerWorker.runSuite(SuiteRunnerWorker.java:53)
at org.testng.SuiteRunnerWorker.run(SuiteRunnerWorker.java:96)
at org.testng.TestNG.runSuitesSequentially(TestNG.java:1212)
at org.testng.TestNG.runSuitesLocally(TestNG.java:1134)
at org.testng.TestNG.runSuites(TestNG.java:1063)
at org.testng.TestNG.run(TestNG.java:1031)
at org.testng.remote.AbstractRemoteTestNG.run(AbstractRemoteTestNG.java:115)
at org.testng.remote.RemoteTestNG.initAndRun(RemoteTestNG.java:251)
at org.testng.remote.RemoteTestNG.main(RemoteTestNG.java:77)
]]>
            </full-stacktrace>
          </exception> <!-- java.lang.AssertionError -->
          <reporter-output>
          </reporter-output>
        </test-method> <!-- registerNewAccountByProvidingAllDetails -->
        <test-method is-config="true" signature="tearDown()[pri:0, instance:tests.RegisterTest@301eda63]" started-at="2021-10-04T13:58:24 IST" name="tearDown" finished-at="2021-10-04T13:58:25 IST" duration-ms="1010" status="PASS">
          <reporter-output>
          </reporter-output>
        </test-method> <!-- tearDown -->
        <test-method is-config="true" signature="setup()[pri:0, instance:tests.RegisterTest@301eda63]" started-at="2021-10-04T13:58:25 IST" name="setup" finished-at="2021-10-04T13:58:28 IST" duration-ms="3075" status="PASS">
          <reporter-output>
          </reporter-output>
        </test-method> <!-- setup -->
        <test-method signature="registerNewAccountByProvidingMandatoryDetails()[pri:2, instance:tests.RegisterTest@301eda63]" started-at="2021-10-04T13:58:28 IST" name="registerNewAccountByProvidingMandatoryDetails" finished-at="2021-10-04T13:58:31 IST" duration-ms="2952" status="PASS">
          <reporter-output>
          </reporter-output>
        </test-method> <!-- registerNewAccountByProvidingMandatoryDetails -->
        <test-method is-config="true" signature="tearDown()[pri:0, instance:tests.RegisterTest@301eda63]" started-at="2021-10-04T13:58:31 IST" name="tearDown" finished-at="2021-10-04T13:58:32 IST" duration-ms="1035" status="PASS">
          <reporter-output>
          </reporter-output>
        </test-method> <!-- tearDown -->
      </class> <!-- tests.RegisterTest -->
    </test> <!-- Test -->
  </suite> <!-- Suite -->
</testng-results>
